<?xml version="1.0" encoding="UTF-8"?>
<!-- Generated by org.testng.reporters.JUnitXMLReporter -->
<testsuite ignored="0" hostname="ip-172-31-35-166" failures="0" tests="2" name="Command line test" time="0.3" errors="0" timestamp="2020-06-09T09:17:22 UTC">
  <testcase classname="App" name="@BeforeTest beforetest" time="0.236">
    <failure type="java.lang.IllegalStateException" message="The driver executable does not exist: /home/ubuntu/Devops-final-project/C:\Users\120061\Downloads\Chromedrivers\chromedriver.exe">
      <![CDATA[java.lang.IllegalStateException: The driver executable does not exist: /home/ubuntu/Devops-final-project/C:\Users\120061\Downloads\Chromedrivers\chromedriver.exe
at com.google.common.base.Preconditions.checkState(Preconditions.java:585)
at org.openqa.selenium.remote.service.DriverService.checkExecutable(DriverService.java:146)
at org.openqa.selenium.remote.service.DriverService.findExecutable(DriverService.java:141)
at org.openqa.selenium.chrome.ChromeDriverService.access$000(ChromeDriverService.java:35)
at org.openqa.selenium.chrome.ChromeDriverService$Builder.findDefaultExecutable(ChromeDriverService.java:159)
at org.openqa.selenium.remote.service.DriverService$Builder.build(DriverService.java:355)
at org.openqa.selenium.chrome.ChromeDriverService.createDefaultService(ChromeDriverService.java:94)
at org.openqa.selenium.chrome.ChromeDriver.<init>(ChromeDriver.java:157)
at App.beforetest(App.java:24)
at App.main(App.java:57)
at org.eclipse.jdt.internal.jarinjarloader.JarRsrcLoader.main(JarRsrcLoader.java:61)
... Removed 25 stack frames]]>
    </failure>
  </testcase> <!-- @BeforeTest beforetest -->
  <testcase classname="App" name="@BeforeMethod open" time="-1.591694242162E9">
    <skipped/>
  </testcase> <!-- @BeforeMethod open -->
  <testcase classname="App" name="@BeforeMethod open" time="-1.591694242174E9">
    <skipped/>
  </testcase> <!-- @BeforeMethod open -->
  <testcase classname="App" name="@AfterClass closen" time="-1.591694242175E9">
    <skipped/>
  </testcase> <!-- @AfterClass closen -->
  <testcase classname="App" name="search" time="0.0">
    <skipped/>
  </testcase> <!-- search -->
  <testcase classname="App" name="test" time="0.0">
    <skipped/>
  </testcase> <!-- test -->
</testsuite> <!-- Command line test -->
